0 info it worked if it ends with ok
1 verbose cli [ '/usr/bin/node', '/usr/bin/npm', 'install', '-y' ]
2 info using npm@3.10.10
3 info using node@v6.17.1
4 silly loadCurrentTree Starting
5 silly install loadCurrentTree
6 silly install readLocalPackageData
7 silly install normalizeTree
8 silly loadCurrentTree Finishing
9 silly loadIdealTree Starting
10 silly install loadIdealTree
11 silly cloneCurrentTree Starting
12 silly install cloneCurrentTreeToIdealTree
13 silly cloneCurrentTree Finishing
14 silly loadShrinkwrap Starting
15 silly install loadShrinkwrap
16 silly loadShrinkwrap Finishing
17 silly loadAllDepsIntoIdealTree Starting
18 silly install loadAllDepsIntoIdealTree
19 silly fetchNamedPackageData istanbul
20 silly mapToRegistry name istanbul
21 silly mapToRegistry using default registry
22 silly mapToRegistry registry https://registry.npmjs.org/
23 silly mapToRegistry data Result {
23 silly mapToRegistry   raw: 'istanbul',
23 silly mapToRegistry   scope: null,
23 silly mapToRegistry   escapedName: 'istanbul',
23 silly mapToRegistry   name: 'istanbul',
23 silly mapToRegistry   rawSpec: '',
23 silly mapToRegistry   spec: 'latest',
23 silly mapToRegistry   type: 'tag' }
24 silly mapToRegistry uri https://registry.npmjs.org/istanbul
25 silly fetchNamedPackageData jenkins-mocha
26 silly mapToRegistry name jenkins-mocha
27 silly mapToRegistry using default registry
28 silly mapToRegistry registry https://registry.npmjs.org/
29 silly mapToRegistry data Result {
29 silly mapToRegistry   raw: 'jenkins-mocha',
29 silly mapToRegistry   scope: null,
29 silly mapToRegistry   escapedName: 'jenkins-mocha',
29 silly mapToRegistry   name: 'jenkins-mocha',
29 silly mapToRegistry   rawSpec: '',
29 silly mapToRegistry   spec: 'latest',
29 silly mapToRegistry   type: 'tag' }
30 silly mapToRegistry uri https://registry.npmjs.org/jenkins-mocha
31 verbose request uri https://registry.npmjs.org/istanbul
32 verbose request no auth needed
33 info attempt registry request try #1 at 1:00:11 PM
34 verbose request id 3b128f1744157964
35 http request GET https://registry.npmjs.org/istanbul
36 verbose request uri https://registry.npmjs.org/jenkins-mocha
37 verbose request no auth needed
38 info attempt registry request try #1 at 1:00:11 PM
39 http request GET https://registry.npmjs.org/jenkins-mocha
40 http 200 https://registry.npmjs.org/jenkins-mocha
41 verbose headers { date: 'Thu, 15 Jul 2021 13:00:15 GMT',
41 verbose headers   'content-type': 'application/json',
41 verbose headers   'transfer-encoding': 'chunked',
41 verbose headers   connection: 'keep-alive',
41 verbose headers   'cf-ray': '66f32c32a9275433-LHR',
41 verbose headers   age: '6680',
41 verbose headers   'cache-control': 'public, max-age=300',
41 verbose headers   etag: 'W/"ca912abbd4c79e70b81cb5054f87f1d5"',
41 verbose headers   'last-modified': 'Mon, 01 Jul 2019 03:50:38 GMT',
41 verbose headers   vary: 'accept-encoding, accept',
41 verbose headers   'cf-cache-status': 'HIT',
41 verbose headers   'expect-ct': 'max-age=604800, report-uri="https://report-uri.cloudflare.com/cdn-cgi/beacon/expect-ct"',
41 verbose headers   server: 'cloudflare',
41 verbose headers   'content-encoding': 'gzip' }
42 silly get cb [ 200,
42 silly get   { date: 'Thu, 15 Jul 2021 13:00:15 GMT',
42 silly get     'content-type': 'application/json',
42 silly get     'transfer-encoding': 'chunked',
42 silly get     connection: 'keep-alive',
42 silly get     'cf-ray': '66f32c32a9275433-LHR',
42 silly get     age: '6680',
42 silly get     'cache-control': 'public, max-age=300',
42 silly get     etag: 'W/"ca912abbd4c79e70b81cb5054f87f1d5"',
42 silly get     'last-modified': 'Mon, 01 Jul 2019 03:50:38 GMT',
42 silly get     vary: 'accept-encoding, accept',
42 silly get     'cf-cache-status': 'HIT',
42 silly get     'expect-ct': 'max-age=604800, report-uri="https://report-uri.cloudflare.com/cdn-cgi/beacon/expect-ct"',
42 silly get     server: 'cloudflare',
42 silly get     'content-encoding': 'gzip' } ]
43 verbose get saving jenkins-mocha to /root/.npm/registry.npmjs.org/jenkins-mocha/.cache.json
44 verbose correctMkdir /root/.npm correctMkdir not in flight; initializing
45 silly resolveWithNewModule jenkins-mocha@3.0.4 checking installable status
46 silly cache add args [ 'jenkins-mocha@^3.0.4', null ]
47 verbose cache add spec jenkins-mocha@^3.0.4
48 silly cache add parsed spec Result {
48 silly cache add   raw: 'jenkins-mocha@^3.0.4',
48 silly cache add   scope: null,
48 silly cache add   escapedName: 'jenkins-mocha',
48 silly cache add   name: 'jenkins-mocha',
48 silly cache add   rawSpec: '^3.0.4',
48 silly cache add   spec: '>=3.0.4 <4.0.0',
48 silly cache add   type: 'range' }
49 silly addNamed jenkins-mocha@>=3.0.4 <4.0.0
50 verbose addNamed ">=3.0.4 <4.0.0" is a valid semver range for jenkins-mocha
51 silly addNameRange { name: 'jenkins-mocha',
51 silly addNameRange   range: '>=3.0.4 <4.0.0',
51 silly addNameRange   hasData: false }
52 silly mapToRegistry name jenkins-mocha
53 silly mapToRegistry using default registry
54 silly mapToRegistry registry https://registry.npmjs.org/
55 silly mapToRegistry data Result {
55 silly mapToRegistry   raw: 'jenkins-mocha',
55 silly mapToRegistry   scope: null,
55 silly mapToRegistry   escapedName: 'jenkins-mocha',
55 silly mapToRegistry   name: 'jenkins-mocha',
55 silly mapToRegistry   rawSpec: '',
55 silly mapToRegistry   spec: 'latest',
55 silly mapToRegistry   type: 'tag' }
56 silly mapToRegistry uri https://registry.npmjs.org/jenkins-mocha
57 verbose addNameRange registry:https://registry.npmjs.org/jenkins-mocha not in flight; fetching
58 verbose get https://registry.npmjs.org/jenkins-mocha not expired, no request
59 silly addNameRange number 2 { name: 'jenkins-mocha', range: '>=3.0.4 <4.0.0', hasData: true }
60 silly addNameRange versions [ 'jenkins-mocha',
60 silly addNameRange   [ '1.0.0',
60 silly addNameRange     '1.0.1',
60 silly addNameRange     '1.0.2',
60 silly addNameRange     '1.0.3',
60 silly addNameRange     '1.0.4',
60 silly addNameRange     '1.0.5',
60 silly addNameRange     '1.0.6',
60 silly addNameRange     '1.0.7',
60 silly addNameRange     '1.0.8',
60 silly addNameRange     '1.0.9',
60 silly addNameRange     '2.0.0',
60 silly addNameRange     '2.0.1',
60 silly addNameRange     '2.1.0',
60 silly addNameRange     '2.2.0',
60 silly addNameRange     '2.3.0',
60 silly addNameRange     '2.3.1',
60 silly addNameRange     '2.4.0',
60 silly addNameRange     '2.5.0',
60 silly addNameRange     '2.6.0',
60 silly addNameRange     '3.0.0',
60 silly addNameRange     '3.0.2',
60 silly addNameRange     '3.0.3',
60 silly addNameRange     '3.0.4',
60 silly addNameRange     '4.0.0',
60 silly addNameRange     '4.1.0',
60 silly addNameRange     '4.1.1',
60 silly addNameRange     '4.1.2',
60 silly addNameRange     '5.0.0',
60 silly addNameRange     '6.0.0',
60 silly addNameRange     '7.0.0',
60 silly addNameRange     '8.0.0' ] ]
61 silly addNamed jenkins-mocha@3.0.4
62 verbose addNamed "3.0.4" is a plain semver version for jenkins-mocha
63 silly mapToRegistry name jenkins-mocha
64 silly mapToRegistry using default registry
65 silly mapToRegistry registry https://registry.npmjs.org/
66 silly mapToRegistry data Result {
66 silly mapToRegistry   raw: 'jenkins-mocha',
66 silly mapToRegistry   scope: null,
66 silly mapToRegistry   escapedName: 'jenkins-mocha',
66 silly mapToRegistry   name: 'jenkins-mocha',
66 silly mapToRegistry   rawSpec: '',
66 silly mapToRegistry   spec: 'latest',
66 silly mapToRegistry   type: 'tag' }
67 silly mapToRegistry uri https://registry.npmjs.org/jenkins-mocha
68 verbose addRemoteTarball https://registry.npmjs.org/jenkins-mocha/-/jenkins-mocha-3.0.4.tgz not in flight; adding
69 verbose addRemoteTarball [ 'https://registry.npmjs.org/jenkins-mocha/-/jenkins-mocha-3.0.4.tgz',
69 verbose addRemoteTarball   '8571cfeacb39c42ca29742dbd2d75f2844c2b7ad' ]
70 info retry fetch attempt 1 at 1:00:12 PM
71 info attempt registry request try #1 at 1:00:12 PM
72 http fetch GET https://registry.npmjs.org/jenkins-mocha/-/jenkins-mocha-3.0.4.tgz
73 http 200 https://registry.npmjs.org/istanbul
74 verbose headers { date: 'Thu, 15 Jul 2021 13:00:15 GMT',
74 verbose headers   'content-type': 'application/json',
74 verbose headers   'transfer-encoding': 'chunked',
74 verbose headers   connection: 'keep-alive',
74 verbose headers   'cf-ray': '66f32c32c9640706-LHR',
74 verbose headers   age: '1681',
74 verbose headers   'cache-control': 'public, max-age=300',
74 verbose headers   etag: 'W/"ebc21bec19266e2b5fb7fb66e907f662"',
74 verbose headers   'last-modified': 'Thu, 31 Jan 2019 21:36:04 GMT',
74 verbose headers   vary: 'accept-encoding, accept',
74 verbose headers   'cf-cache-status': 'HIT',
74 verbose headers   'expect-ct': 'max-age=604800, report-uri="https://report-uri.cloudflare.com/cdn-cgi/beacon/expect-ct"',
74 verbose headers   server: 'cloudflare',
74 verbose headers   'content-encoding': 'gzip' }
75 silly get cb [ 200,
75 silly get   { date: 'Thu, 15 Jul 2021 13:00:15 GMT',
75 silly get     'content-type': 'application/json',
75 silly get     'transfer-encoding': 'chunked',
75 silly get     connection: 'keep-alive',
75 silly get     'cf-ray': '66f32c32c9640706-LHR',
75 silly get     age: '1681',
75 silly get     'cache-control': 'public, max-age=300',
75 silly get     etag: 'W/"ebc21bec19266e2b5fb7fb66e907f662"',
75 silly get     'last-modified': 'Thu, 31 Jan 2019 21:36:04 GMT',
75 silly get     vary: 'accept-encoding, accept',
75 silly get     'cf-cache-status': 'HIT',
75 silly get     'expect-ct': 'max-age=604800, report-uri="https://report-uri.cloudflare.com/cdn-cgi/beacon/expect-ct"',
75 silly get     server: 'cloudflare',
75 silly get     'content-encoding': 'gzip' } ]
76 verbose get saving istanbul to /root/.npm/registry.npmjs.org/istanbul/.cache.json
77 verbose correctMkdir /root/.npm correctMkdir not in flight; initializing
78 silly resolveWithNewModule istanbul@0.4.5 checking installable status
79 silly cache add args [ 'istanbul@^0.4.5', null ]
80 verbose cache add spec istanbul@^0.4.5
81 silly cache add parsed spec Result {
81 silly cache add   raw: 'istanbul@^0.4.5',
81 silly cache add   scope: null,
81 silly cache add   escapedName: 'istanbul',
81 silly cache add   name: 'istanbul',
81 silly cache add   rawSpec: '^0.4.5',
81 silly cache add   spec: '>=0.4.5 <0.5.0',
81 silly cache add   type: 'range' }
82 silly addNamed istanbul@>=0.4.5 <0.5.0
83 verbose addNamed ">=0.4.5 <0.5.0" is a valid semver range for istanbul
84 silly addNameRange { name: 'istanbul', range: '>=0.4.5 <0.5.0', hasData: false }
85 silly mapToRegistry name istanbul
86 silly mapToRegistry using default registry
87 silly mapToRegistry registry https://registry.npmjs.org/
88 silly mapToRegistry data Result {
88 silly mapToRegistry   raw: 'istanbul',
88 silly mapToRegistry   scope: null,
88 silly mapToRegistry   escapedName: 'istanbul',
88 silly mapToRegistry   name: 'istanbul',
88 silly mapToRegistry   rawSpec: '',
88 silly mapToRegistry   spec: 'latest',
88 silly mapToRegistry   type: 'tag' }
89 silly mapToRegistry uri https://registry.npmjs.org/istanbul
90 verbose addNameRange registry:https://registry.npmjs.org/istanbul not in flight; fetching
91 verbose get https://registry.npmjs.org/istanbul not expired, no request
92 silly addNameRange number 2 { name: 'istanbul', range: '>=0.4.5 <0.5.0', hasData: true }
93 silly addNameRange versions [ 'istanbul',
93 silly addNameRange   [ '0.1.0',
93 silly addNameRange     '0.1.1',
93 silly addNameRange     '0.1.2',
93 silly addNameRange     '0.1.3',
93 silly addNameRange     '0.1.4',
93 silly addNameRange     '0.1.5',
93 silly addNameRange     '0.1.6',
93 silly addNameRange     '0.1.7',
93 silly addNameRange     '0.1.8',
93 silly addNameRange     '0.1.9',
93 silly addNameRange     '0.1.10',
93 silly addNameRange     '0.1.11',
93 silly addNameRange     '0.1.12',
93 silly addNameRange     '0.1.13',
93 silly addNameRange     '0.1.14',
93 silly addNameRange     '0.1.15',
93 silly addNameRange     '0.1.16',
93 silly addNameRange     '0.1.17',
93 silly addNameRange     '0.1.18',
93 silly addNameRange     '0.1.19',
93 silly addNameRange     '0.1.20',
93 silly addNameRange     '0.1.21',
93 silly addNameRange     '0.1.22',
93 silly addNameRange     '0.1.23',
93 silly addNameRange     '0.1.24',
93 silly addNameRange     '0.1.25',
93 silly addNameRange     '0.1.26',
93 silly addNameRange     '0.1.27',
93 silly addNameRange     '0.1.28',
93 silly addNameRange     '0.1.29',
93 silly addNameRange     '0.1.30',
93 silly addNameRange     '0.1.31',
93 silly addNameRange     '0.1.32',
93 silly addNameRange     '0.1.33',
93 silly addNameRange     '0.1.34',
93 silly addNameRange     '0.1.35',
93 silly addNameRange     '0.1.36',
93 silly addNameRange     '0.1.37',
93 silly addNameRange     '0.1.38',
93 silly addNameRange     '0.1.39',
93 silly addNameRange     '0.1.40',
93 silly addNameRange     '0.1.41',
93 silly addNameRange     '0.1.42',
93 silly addNameRange     '0.1.43',
93 silly addNameRange     '0.1.44',
93 silly addNameRange     '0.1.45',
93 silly addNameRange     '0.1.46',
93 silly addNameRange     '0.2.0',
93 silly addNameRange     '0.2.1',
93 silly addNameRange     '0.2.2',
93 silly addNameRange     '0.2.3',
93 silly addNameRange     '0.2.4',
93 silly addNameRange     '0.2.5',
93 silly addNameRange     '0.2.6',
93 silly addNameRange     '0.2.7',
93 silly addNameRange     '0.2.8',
93 silly addNameRange     '0.2.9',
93 silly addNameRange     '0.2.10',
93 silly addNameRange     '0.2.11',
93 silly addNameRange     '0.2.12',
93 silly addNameRange     '0.2.13',
93 silly addNameRange     '0.2.14',
93 silly addNameRange     '0.2.15',
93 silly addNameRange     '0.2.16',
93 silly addNameRange     '0.3.0',
93 silly addNameRange     '0.3.1',
93 silly addNameRange     '0.3.2',
93 silly addNameRange     '0.3.3',
93 silly addNameRange     '0.3.4',
93 silly addNameRange     '0.3.5',
93 silly addNameRange     '0.3.6',
93 silly addNameRange     '0.3.7',
93 silly addNameRange     '0.3.8',
93 silly addNameRange     '0.3.9',
93 silly addNameRange     '0.3.10',
93 silly addNameRange     '0.3.11',
93 silly addNameRange     '0.3.13',
93 silly addNameRange     '0.3.14',
93 silly addNameRange     '0.3.15',
93 silly addNameRange     '0.3.16',
93 silly addNameRange     '0.3.17',
93 silly addNameRange     '0.3.18',
93 silly addNameRange     '0.3.19',
93 silly addNameRange     '0.3.20',
93 silly addNameRange     '0.3.21',
93 silly addNameRange     '0.3.22',
93 silly addNameRange     '0.4.0',
93 silly addNameRange     '0.4.1',
93 silly addNameRange     '1.0.0-alpha.1',
93 silly addNameRange     '1.0.0-alpha.2',
93 silly addNameRange     '0.4.2',
93 silly addNameRange     '0.4.3',
93 silly addNameRange     '0.4.4',
93 silly addNameRange     '1.1.0-alpha.1',
93 silly addNameRange     '0.4.5' ] ]
94 silly addNamed istanbul@0.4.5
95 verbose addNamed "0.4.5" is a plain semver version for istanbul
96 warn deprecated istanbul@0.4.5: This module is no longer maintained, try this instead:
96 warn deprecated   npm i nyc
96 warn deprecated Visit https://istanbul.js.org/integrations for other alternatives.
97 silly mapToRegistry name istanbul
98 silly mapToRegistry using default registry
99 silly mapToRegistry registry https://registry.npmjs.org/
100 silly mapToRegistry data Result {
100 silly mapToRegistry   raw: 'istanbul',
100 silly mapToRegistry   scope: null,
100 silly mapToRegistry   escapedName: 'istanbul',
100 silly mapToRegistry   name: 'istanbul',
100 silly mapToRegistry   rawSpec: '',
100 silly mapToRegistry   spec: 'latest',
100 silly mapToRegistry   type: 'tag' }
101 silly mapToRegistry uri https://registry.npmjs.org/istanbul
102 verbose addRemoteTarball https://registry.npmjs.org/istanbul/-/istanbul-0.4.5.tgz not in flight; adding
103 verbose addRemoteTarball [ 'https://registry.npmjs.org/istanbul/-/istanbul-0.4.5.tgz',
103 verbose addRemoteTarball   '65c7d73d4c4da84d4f3ac310b918fb0b8033733b' ]
104 http fetch 200 https://registry.npmjs.org/jenkins-mocha/-/jenkins-mocha-3.0.4.tgz
105 info retry fetch attempt 1 at 1:00:12 PM
106 info attempt registry request try #1 at 1:00:12 PM
107 http fetch GET https://registry.npmjs.org/istanbul/-/istanbul-0.4.5.tgz
108 silly fetchAndShaCheck shasum 8571cfeacb39c42ca29742dbd2d75f2844c2b7ad
109 verbose addTmpTarball /tmp/npm-4309-e4692607/registry.npmjs.org/jenkins-mocha/-/jenkins-mocha-3.0.4.tgz not in flight; adding
110 verbose addTmpTarball already have metadata; skipping unpack for jenkins-mocha@3.0.4
111 verbose correctMkdir /root/.npm correctMkdir not in flight; initializing
112 silly cache afterAdd jenkins-mocha@3.0.4
113 verbose afterAdd /root/.npm/jenkins-mocha/3.0.4/package/package.json not in flight; writing
114 verbose correctMkdir /root/.npm correctMkdir not in flight; initializing
115 verbose afterAdd /root/.npm/jenkins-mocha/3.0.4/package/package.json written
116 http fetch 200 https://registry.npmjs.org/istanbul/-/istanbul-0.4.5.tgz
117 silly fetchAndShaCheck shasum 65c7d73d4c4da84d4f3ac310b918fb0b8033733b
118 verbose addTmpTarball /tmp/npm-4309-e4692607/registry.npmjs.org/istanbul/-/istanbul-0.4.5.tgz not in flight; adding
119 verbose addTmpTarball already have metadata; skipping unpack for istanbul@0.4.5
120 verbose correctMkdir /root/.npm correctMkdir not in flight; initializing
121 silly cache afterAdd istanbul@0.4.5
122 verbose afterAdd /root/.npm/istanbul/0.4.5/package/package.json not in flight; writing
123 verbose correctMkdir /root/.npm correctMkdir not in flight; initializing
124 verbose afterAdd /root/.npm/istanbul/0.4.5/package/package.json written
125 silly fetchNamedPackageData esprima
126 silly mapToRegistry name esprima
127 silly mapToRegistry using default registry
128 silly mapToRegistry registry https://registry.npmjs.org/
129 silly mapToRegistry data Result {
129 silly mapToRegistry   raw: 'esprima',
129 silly mapToRegistry   scope: null,
129 silly mapToRegistry   escapedName: 'esprima',
129 silly mapToRegistry   name: 'esprima',
129 silly mapToRegistry   rawSpec: '',
129 silly mapToRegistry   spec: 'latest',
129 silly mapToRegistry   type: 'tag' }
130 silly mapToRegistry uri https://registry.npmjs.org/esprima
131 verbose request uri https://registry.npmjs.org/esprima
132 verbose request no auth needed
133 info attempt registry request try #1 at 1:00:12 PM
134 verbose etag W/"1408d15684aa02561523c247813d3acf"
135 verbose lastModified Sun, 29 Sep 2019 09:56:40 GMT
136 http request GET https://registry.npmjs.org/esprima
137 http 304 https://registry.npmjs.org/esprima
138 verbose headers { date: 'Thu, 15 Jul 2021 13:00:15 GMT',
138 verbose headers   connection: 'keep-alive',
138 verbose headers   'cf-ray': '66f32c378b4f5433-LHR',
138 verbose headers   age: '5520',
138 verbose headers   'cache-control': 'public, max-age=300',
138 verbose headers   etag: '"1408d15684aa02561523c247813d3acf"',
138 verbose headers   'last-modified': 'Sun, 29 Sep 2019 09:56:40 GMT',
138 verbose headers   vary: 'Accept-Encoding',
138 verbose headers   'cf-cache-status': 'HIT',
138 verbose headers   'expect-ct': 'max-age=604800, report-uri="https://report-uri.cloudflare.com/cdn-cgi/beacon/expect-ct"',
138 verbose headers   server: 'cloudflare' }
139 silly get cb [ 304,
139 silly get   { date: 'Thu, 15 Jul 2021 13:00:15 GMT',
139 silly get     connection: 'keep-alive',
139 silly get     'cf-ray': '66f32c378b4f5433-LHR',
139 silly get     age: '5520',
139 silly get     'cache-control': 'public, max-age=300',
139 silly get     etag: '"1408d15684aa02561523c247813d3acf"',
139 silly get     'last-modified': 'Sun, 29 Sep 2019 09:56:40 GMT',
139 silly get     vary: 'Accept-Encoding',
139 silly get     'cf-cache-status': 'HIT',
139 silly get     'expect-ct': 'max-age=604800, report-uri="https://report-uri.cloudflare.com/cdn-cgi/beacon/expect-ct"',
139 silly get     server: 'cloudflare' } ]
140 verbose etag https://registry.npmjs.org/esprima from cache
141 verbose get saving esprima to /root/.npm/registry.npmjs.org/esprima/.cache.json
142 verbose correctMkdir /root/.npm correctMkdir not in flight; initializing
143 silly resolveWithNewModule esprima@2.7.3 checking installable status
144 silly cache add args [ 'esprima@2.7.x', null ]
145 verbose cache add spec esprima@2.7.x
146 silly cache add parsed spec Result {
146 silly cache add   raw: 'esprima@2.7.x',
146 silly cache add   scope: null,
146 silly cache add   escapedName: 'esprima',
146 silly cache add   name: 'esprima',
146 silly cache add   rawSpec: '2.7.x',
146 silly cache add   spec: '>=2.7.0 <2.8.0',
146 silly cache add   type: 'range' }
147 silly addNamed esprima@>=2.7.0 <2.8.0
148 verbose addNamed ">=2.7.0 <2.8.0" is a valid semver range for esprima
149 silly addNameRange { name: 'esprima', range: '>=2.7.0 <2.8.0', hasData: false }
150 silly mapToRegistry name esprima
151 silly mapToRegistry using default registry
152 silly mapToRegistry registry https://registry.npmjs.org/
153 silly mapToRegistry data Result {
153 silly mapToRegistry   raw: 'esprima',
153 silly mapToRegistry   scope: null,
153 silly mapToRegistry   escapedName: 'esprima',
153 silly mapToRegistry   name: 'esprima',
153 silly mapToRegistry   rawSpec: '',
153 silly mapToRegistry   spec: 'latest',
153 silly mapToRegistry   type: 'tag' }
154 silly mapToRegistry uri https://registry.npmjs.org/esprima
155 verbose addNameRange registry:https://registry.npmjs.org/esprima not in flight; fetching
156 verbose get https://registry.npmjs.org/esprima not expired, no request
157 silly addNameRange number 2 { name: 'esprima', range: '>=2.7.0 <2.8.0', hasData: true }
158 silly addNameRange versions [ 'esprima',
158 silly addNameRange   [ '0.7.0',
158 silly addNameRange     '0.8.0',
158 silly addNameRange     '0.8.1',
158 silly addNameRange     '0.8.2',
158 silly addNameRange     '0.9.0',
158 silly addNameRange     '0.9.1',
158 silly addNameRange     '0.9.2',
158 silly addNameRange     '0.9.3',
158 silly addNameRange     '0.9.4',
158 silly addNameRange     '0.9.5',
158 silly addNameRange     '0.9.6',
158 silly addNameRange     '0.9.7',
158 silly addNameRange     '0.9.8',
158 silly addNameRange     '0.9.9',
158 silly addNameRange     '1.0.0',
158 silly addNameRange     '1.0.1',
158 silly addNameRange     '1.0.2',
158 silly addNameRange     '1.0.3',
158 silly addNameRange     '1.0.4',
158 silly addNameRange     '1.1.0',
158 silly addNameRange     '1.1.1',
158 silly addNameRange     '1.2.0',
158 silly addNameRange     '1.2.1',
158 silly addNameRange     '1.2.2',
158 silly addNameRange     '1.2.3',
158 silly addNameRange     '1.2.4',
158 silly addNameRange     '2.0.0',
158 silly addNameRange     '1.2.5',
158 silly addNameRange     '2.1.0',
158 silly addNameRange     '2.2.0',
158 silly addNameRange     '2.3.0',
158 silly addNameRange     '2.4.0',
158 silly addNameRange     '2.4.1',
158 silly addNameRange     '2.5.0',
158 silly addNameRange     '2.6.0',
158 silly addNameRange     '2.7.0',
158 silly addNameRange     '2.7.1',
158 silly addNameRange     '2.7.2',
158 silly addNameRange     '2.7.3',
158 silly addNameRange     '3.0.0',
158 silly addNameRange     '3.1.0',
158 silly addNameRange     '3.1.1',
158 silly addNameRange     '3.1.2',
158 silly addNameRange     '3.1.3',
158 silly addNameRange     '4.0.0',
158 silly addNameRange     '4.0.1' ] ]
159 silly addNamed esprima@2.7.3
160 verbose addNamed "2.7.3" is a plain semver version for esprima
161 silly mapToRegistry name esprima
162 silly mapToRegistry using default registry
163 silly mapToRegistry registry https://registry.npmjs.org/
164 silly mapToRegistry data Result {
164 silly mapToRegistry   raw: 'esprima',
164 silly mapToRegistry   scope: null,
164 silly mapToRegistry   escapedName: 'esprima',
164 silly mapToRegistry   name: 'esprima',
164 silly mapToRegistry   rawSpec: '',
164 silly mapToRegistry   spec: 'latest',
164 silly mapToRegistry   type: 'tag' }
165 silly mapToRegistry uri https://registry.npmjs.org/esprima
166 verbose addRemoteTarball https://registry.npmjs.org/esprima/-/esprima-2.7.3.tgz not in flight; adding
167 verbose addRemoteTarball [ 'https://registry.npmjs.org/esprima/-/esprima-2.7.3.tgz',
167 verbose addRemoteTarball   '96e3b70d5779f6ad49cd032673d1c312767ba581' ]
168 info retry fetch attempt 1 at 1:00:13 PM
169 info attempt registry request try #1 at 1:00:13 PM
170 http fetch GET https://registry.npmjs.org/esprima/-/esprima-2.7.3.tgz
171 http fetch 200 https://registry.npmjs.org/esprima/-/esprima-2.7.3.tgz
172 silly fetchAndShaCheck shasum 96e3b70d5779f6ad49cd032673d1c312767ba581
173 verbose addTmpTarball /tmp/npm-4309-e4692607/registry.npmjs.org/esprima/-/esprima-2.7.3.tgz not in flight; adding
174 verbose addTmpTarball already have metadata; skipping unpack for esprima@2.7.3
175 verbose correctMkdir /root/.npm correctMkdir not in flight; initializing
176 silly cache afterAdd esprima@2.7.3
177 verbose afterAdd /root/.npm/esprima/2.7.3/package/package.json not in flight; writing
178 verbose correctMkdir /root/.npm correctMkdir not in flight; initializing
179 verbose afterAdd /root/.npm/esprima/2.7.3/package/package.json written
180 silly loadAllDepsIntoIdealTree Finishing
181 silly loadIdealTree Finishing
182 silly currentTree solution-code@1.0.0
182 silly currentTree ├── abbrev@1.0.9
182 silly currentTree ├── accepts@1.3.7
182 silly currentTree ├── amdefine@1.0.1
182 silly currentTree ├── ansi-regex@3.0.0
182 silly currentTree ├── argparse@1.0.10
182 silly currentTree ├── array-flatten@1.1.1
182 silly currentTree ├── assertion-error@1.1.0
182 silly currentTree ├── async@1.5.2
182 silly currentTree ├── balanced-match@1.0.2
182 silly currentTree ├── bluebird@3.5.0
182 silly currentTree ├── body-parser@1.19.0
182 silly currentTree ├── brace-expansion@1.1.11
182 silly currentTree ├── browser-stdout@1.3.0
182 silly currentTree ├── bson@1.0.9
182 silly currentTree ├── buffer-shims@1.0.0
182 silly currentTree ├── bytes@3.1.0
182 silly currentTree ├── chai-http@3.0.0
182 silly currentTree ├── chai-jquery@2.1.0
182 silly currentTree ├── chai@3.5.0
182 silly currentTree ├── charenc@0.0.2
182 silly currentTree ├── combined-stream@1.0.8
182 silly currentTree ├── commander@2.9.0
182 silly currentTree ├── component-emitter@1.3.0
182 silly currentTree ├── concat-map@0.0.1
182 silly currentTree ├── content-disposition@0.5.3
182 silly currentTree ├── content-type@1.0.4
182 silly currentTree ├── cookie-signature@1.0.6
182 silly currentTree ├── cookie@0.4.0
182 silly currentTree ├── cookiejar@2.0.6
182 silly currentTree ├── core-util-is@1.0.2
182 silly currentTree ├── crypt@0.0.2
182 silly currentTree ├── debug@2.6.9
182 silly currentTree ├─┬ deep-eql@0.1.3
182 silly currentTree │ └── type-detect@0.1.1
182 silly currentTree ├── deep-is@0.1.3
182 silly currentTree ├── delayed-stream@1.0.0
182 silly currentTree ├── depd@1.1.2
182 silly currentTree ├── destroy@1.0.4
182 silly currentTree ├── diff@3.2.0
182 silly currentTree ├── ee-first@1.1.1
182 silly currentTree ├── ejs@2.7.4
182 silly currentTree ├── encodeurl@1.0.2
182 silly currentTree ├── errno@0.1.8
182 silly currentTree ├── es6-promise@3.2.1
182 silly currentTree ├── escape-html@1.0.3
182 silly currentTree ├── escape-string-regexp@1.0.5
182 silly currentTree ├── escodegen@1.8.1
182 silly currentTree ├── estraverse@1.9.3
182 silly currentTree ├── esutils@2.0.3
182 silly currentTree ├── etag@1.8.1
182 silly currentTree ├── express@4.17.1
182 silly currentTree ├── extend@3.0.2
182 silly currentTree ├── faker@4.1.0
182 silly currentTree ├── fast-levenshtein@2.0.6
182 silly currentTree ├── finalhandler@1.1.2
182 silly currentTree ├── form-data@1.0.0-rc4
182 silly currentTree ├── formidable@1.2.2
182 silly currentTree ├── forwarded@0.2.0
182 silly currentTree ├── fresh@0.5.2
182 silly currentTree ├── fs.realpath@1.0.0
182 silly currentTree ├── glob@5.0.15
182 silly currentTree ├── graceful-readlink@1.0.1
182 silly currentTree ├── growl@1.9.2
182 silly currentTree ├─┬ handlebars@4.7.7
182 silly currentTree │ └── source-map@0.6.1
182 silly currentTree ├── has-flag@1.0.0
182 silly currentTree ├── he@1.1.1
182 silly currentTree ├── hooks-fixed@2.0.2
182 silly currentTree ├── http-errors@1.7.2
182 silly currentTree ├── iconv-lite@0.4.24
182 silly currentTree ├── inflight@1.0.6
182 silly currentTree ├── inherits@2.0.3
182 silly currentTree ├── interpret@1.4.0
182 silly currentTree ├── ip-regex@1.0.3
182 silly currentTree ├── ipaddr.js@1.9.1
182 silly currentTree ├── is-buffer@1.1.6
182 silly currentTree ├── is-ip@1.0.0
182 silly currentTree ├── isarray@1.0.0
182 silly currentTree ├── isexe@2.0.0
182 silly currentTree ├─┬ js-yaml@3.14.1
182 silly currentTree │ └── esprima@4.0.1
182 silly currentTree ├── json2mongo@2.0.0
182 silly currentTree ├── json3@3.3.2
182 silly currentTree ├── kareem@1.5.0
182 silly currentTree ├── levn@0.3.0
182 silly currentTree ├── lodash._baseassign@3.2.0
182 silly currentTree ├── lodash._basecopy@3.0.1
182 silly currentTree ├── lodash._basecreate@3.0.3
182 silly currentTree ├── lodash._getnative@3.9.1
182 silly currentTree ├── lodash._isiterateecall@3.0.9
182 silly currentTree ├── lodash.create@3.1.1
182 silly currentTree ├── lodash.get@4.4.2
182 silly currentTree ├── lodash.isarguments@3.1.0
182 silly currentTree ├── lodash.isarray@3.0.4
182 silly currentTree ├── lodash.keys@3.1.2
182 silly currentTree ├── lodash@4.17.21
182 silly currentTree ├── md5@2.3.0
182 silly currentTree ├── media-typer@0.3.0
182 silly currentTree ├── merge-descriptors@1.0.1
182 silly currentTree ├── methods@1.1.2
182 silly currentTree ├── mime-db@1.48.0
182 silly currentTree ├── mime-types@2.1.31
182 silly currentTree ├── mime@1.6.0
182 silly currentTree ├── minimatch@3.0.4
182 silly currentTree ├── minimist@1.2.5
182 silly currentTree ├── mkdirp@0.5.5
182 silly currentTree ├── mocha-junit-reporter@1.23.3
182 silly currentTree ├─┬ mocha@3.5.3
182 silly currentTree │ ├── debug@2.6.8
182 silly currentTree │ ├── glob@7.1.1
182 silly currentTree │ ├── minimist@0.0.8
182 silly currentTree │ ├── mkdirp@0.5.1
182 silly currentTree │ └── supports-color@3.1.2
182 silly currentTree ├── mongodb-core@2.1.18
182 silly currentTree ├── mongodb@2.2.34
182 silly currentTree ├─┬ mongoose@4.13.21
182 silly currentTree │ └── async@2.6.0
182 silly currentTree ├── mpath@0.5.1
182 silly currentTree ├── mpromise@0.5.5
182 silly currentTree ├─┬ mquery@2.3.3
182 silly currentTree │ └── sliced@0.0.5
182 silly currentTree ├── ms@2.0.0
182 silly currentTree ├── muri@1.3.0
182 silly currentTree ├── negotiator@0.6.2
182 silly currentTree ├── neo-async@2.6.2
182 silly currentTree ├─┬ node-mongo-seeds@2.3.2
182 silly currentTree │ └── lodash@3.10.1
182 silly currentTree ├── nopt@3.0.6
182 silly currentTree ├── npm-path@2.0.4
182 silly currentTree ├── npm-which@3.0.1
182 silly currentTree ├── on-finished@2.3.0
182 silly currentTree ├── once@1.4.0
182 silly currentTree ├─┬ optimist@0.6.1
182 silly currentTree │ ├── minimist@0.0.10
182 silly currentTree │ └── wordwrap@0.0.3
182 silly currentTree ├── optionator@0.8.3
182 silly currentTree ├── parseurl@1.3.3
182 silly currentTree ├── path-is-absolute@1.0.1
182 silly currentTree ├── path-to-regexp@0.1.7
182 silly currentTree ├── prelude-ls@1.1.2
182 silly currentTree ├── process-nextick-args@1.0.7
182 silly currentTree ├── proxy-addr@2.0.7
182 silly currentTree ├── prr@1.0.1
182 silly currentTree ├── q@1.5.1
182 silly currentTree ├── qs@6.7.0
182 silly currentTree ├── range-parser@1.2.1
182 silly currentTree ├── raw-body@2.4.0
182 silly currentTree ├── readable-stream@2.2.7
182 silly currentTree ├── rechoir@0.6.2
182 silly currentTree ├── regexp-clone@0.0.1
182 silly currentTree ├── require_optional@1.0.1
182 silly currentTree ├── resolve-from@2.0.0
182 silly currentTree ├── resolve@1.1.7
182 silly currentTree ├── safe-buffer@5.1.2
182 silly currentTree ├── safer-buffer@2.1.2
182 silly currentTree ├── semver@5.7.1
182 silly currentTree ├─┬ send@0.17.1
182 silly currentTree │ └── ms@2.1.1
182 silly currentTree ├── serve-static@1.14.1
182 silly currentTree ├── setprototypeof@1.1.1
182 silly currentTree ├── shell-escape@0.2.0
182 silly currentTree ├─┬ shelljs@0.7.8
182 silly currentTree │ └── glob@7.1.7
182 silly currentTree ├── sliced@1.0.1
182 silly currentTree ├── source-map@0.2.0
182 silly currentTree ├── spec-xunit-file@0.0.1-3
182 silly currentTree ├── sprintf-js@1.0.3
182 silly currentTree ├── statuses@1.5.0
182 silly currentTree ├── string_decoder@1.0.3
182 silly currentTree ├── strip-ansi@4.0.0
182 silly currentTree ├── superagent@2.3.0
182 silly currentTree ├── supports-color@3.2.3
182 silly currentTree ├── toidentifier@1.0.0
182 silly currentTree ├── type-check@0.3.2
182 silly currentTree ├── type-detect@1.0.0
182 silly currentTree ├── type-is@1.6.18
182 silly currentTree ├── uglify-js@3.13.10
182 silly currentTree ├── unpipe@1.0.0
182 silly currentTree ├── util-deprecate@1.0.2
182 silly currentTree ├── utils-merge@1.0.1
182 silly currentTree ├── vary@1.1.2
182 silly currentTree ├── which@1.3.1
182 silly currentTree ├── word-wrap@1.2.3
182 silly currentTree ├── wordwrap@1.0.0
182 silly currentTree ├── wrappy@1.0.2
182 silly currentTree └── xml@1.0.1
183 silly idealTree solution-code@1.0.0
183 silly idealTree ├── abbrev@1.0.9
183 silly idealTree ├── accepts@1.3.7
183 silly idealTree ├── amdefine@1.0.1
183 silly idealTree ├── ansi-regex@3.0.0
183 silly idealTree ├── argparse@1.0.10
183 silly idealTree ├── array-flatten@1.1.1
183 silly idealTree ├── assertion-error@1.1.0
183 silly idealTree ├── async@1.5.2
183 silly idealTree ├── balanced-match@1.0.2
183 silly idealTree ├── bluebird@3.5.0
183 silly idealTree ├── body-parser@1.19.0
183 silly idealTree ├── brace-expansion@1.1.11
183 silly idealTree ├── browser-stdout@1.3.0
183 silly idealTree ├── bson@1.0.9
183 silly idealTree ├── buffer-shims@1.0.0
183 silly idealTree ├── bytes@3.1.0
183 silly idealTree ├── chai-http@3.0.0
183 silly idealTree ├── chai-jquery@2.1.0
183 silly idealTree ├── chai@3.5.0
183 silly idealTree ├── charenc@0.0.2
183 silly idealTree ├── combined-stream@1.0.8
183 silly idealTree ├── commander@2.9.0
183 silly idealTree ├── component-emitter@1.3.0
183 silly idealTree ├── concat-map@0.0.1
183 silly idealTree ├── content-disposition@0.5.3
183 silly idealTree ├── content-type@1.0.4
183 silly idealTree ├── cookie-signature@1.0.6
183 silly idealTree ├── cookie@0.4.0
183 silly idealTree ├── cookiejar@2.0.6
183 silly idealTree ├── core-util-is@1.0.2
183 silly idealTree ├── crypt@0.0.2
183 silly idealTree ├── debug@2.6.9
183 silly idealTree ├─┬ deep-eql@0.1.3
183 silly idealTree │ └── type-detect@0.1.1
183 silly idealTree ├── deep-is@0.1.3
183 silly idealTree ├── delayed-stream@1.0.0
183 silly idealTree ├── depd@1.1.2
183 silly idealTree ├── destroy@1.0.4
183 silly idealTree ├── diff@3.2.0
183 silly idealTree ├── ee-first@1.1.1
183 silly idealTree ├── ejs@2.7.4
183 silly idealTree ├── encodeurl@1.0.2
183 silly idealTree ├── errno@0.1.8
183 silly idealTree ├── es6-promise@3.2.1
183 silly idealTree ├── escape-html@1.0.3
183 silly idealTree ├── escape-string-regexp@1.0.5
183 silly idealTree ├── escodegen@1.8.1
183 silly idealTree ├── esprima@2.7.3
183 silly idealTree ├── estraverse@1.9.3
183 silly idealTree ├── esutils@2.0.3
183 silly idealTree ├── etag@1.8.1
183 silly idealTree ├── express@4.17.1
183 silly idealTree ├── extend@3.0.2
183 silly idealTree ├── faker@4.1.0
183 silly idealTree ├── fast-levenshtein@2.0.6
183 silly idealTree ├── finalhandler@1.1.2
183 silly idealTree ├── form-data@1.0.0-rc4
183 silly idealTree ├── formidable@1.2.2
183 silly idealTree ├── forwarded@0.2.0
183 silly idealTree ├── fresh@0.5.2
183 silly idealTree ├── fs.realpath@1.0.0
183 silly idealTree ├── glob@5.0.15
183 silly idealTree ├── graceful-readlink@1.0.1
183 silly idealTree ├── growl@1.9.2
183 silly idealTree ├─┬ handlebars@4.7.7
183 silly idealTree │ └── source-map@0.6.1
183 silly idealTree ├── has-flag@1.0.0
183 silly idealTree ├── he@1.1.1
183 silly idealTree ├── hooks-fixed@2.0.2
183 silly idealTree ├── http-errors@1.7.2
183 silly idealTree ├── iconv-lite@0.4.24
183 silly idealTree ├── inflight@1.0.6
183 silly idealTree ├── inherits@2.0.3
183 silly idealTree ├── interpret@1.4.0
183 silly idealTree ├── ip-regex@1.0.3
183 silly idealTree ├── ipaddr.js@1.9.1
183 silly idealTree ├── is-buffer@1.1.6
183 silly idealTree ├── is-ip@1.0.0
183 silly idealTree ├── isarray@1.0.0
183 silly idealTree ├── isexe@2.0.0
183 silly idealTree ├── istanbul@0.4.5
183 silly idealTree ├── jenkins-mocha@3.0.4
183 silly idealTree ├─┬ js-yaml@3.14.1
183 silly idealTree │ └── esprima@4.0.1
183 silly idealTree ├── json2mongo@2.0.0
183 silly idealTree ├── json3@3.3.2
183 silly idealTree ├── kareem@1.5.0
183 silly idealTree ├── levn@0.3.0
183 silly idealTree ├── lodash._baseassign@3.2.0
183 silly idealTree ├── lodash._basecopy@3.0.1
183 silly idealTree ├── lodash._basecreate@3.0.3
183 silly idealTree ├── lodash._getnative@3.9.1
183 silly idealTree ├── lodash._isiterateecall@3.0.9
183 silly idealTree ├── lodash.create@3.1.1
183 silly idealTree ├── lodash.get@4.4.2
183 silly idealTree ├── lodash.isarguments@3.1.0
183 silly idealTree ├── lodash.isarray@3.0.4
183 silly idealTree ├── lodash.keys@3.1.2
183 silly idealTree ├── lodash@4.17.21
183 silly idealTree ├── md5@2.3.0
183 silly idealTree ├── media-typer@0.3.0
183 silly idealTree ├── merge-descriptors@1.0.1
183 silly idealTree ├── methods@1.1.2
183 silly idealTree ├── mime-db@1.48.0
183 silly idealTree ├── mime-types@2.1.31
183 silly idealTree ├── mime@1.6.0
183 silly idealTree ├── minimatch@3.0.4
183 silly idealTree ├── minimist@1.2.5
183 silly idealTree ├── mkdirp@0.5.5
183 silly idealTree ├── mocha-junit-reporter@1.23.3
183 silly idealTree ├─┬ mocha@3.5.3
183 silly idealTree │ ├── debug@2.6.8
183 silly idealTree │ ├── glob@7.1.1
183 silly idealTree │ ├── minimist@0.0.8
183 silly idealTree │ ├── mkdirp@0.5.1
183 silly idealTree │ └── supports-color@3.1.2
183 silly idealTree ├── mongodb-core@2.1.18
183 silly idealTree ├── mongodb@2.2.34
183 silly idealTree ├─┬ mongoose@4.13.21
183 silly idealTree │ └── async@2.6.0
183 silly idealTree ├── mpath@0.5.1
183 silly idealTree ├── mpromise@0.5.5
183 silly idealTree ├─┬ mquery@2.3.3
183 silly idealTree │ └── sliced@0.0.5
183 silly idealTree ├── ms@2.0.0
183 silly idealTree ├── muri@1.3.0
183 silly idealTree ├── negotiator@0.6.2
183 silly idealTree ├── neo-async@2.6.2
183 silly idealTree ├─┬ node-mongo-seeds@2.3.2
183 silly idealTree │ └── lodash@3.10.1
183 silly idealTree ├── nopt@3.0.6
183 silly idealTree ├── npm-path@2.0.4
183 silly idealTree ├── npm-which@3.0.1
183 silly idealTree ├── on-finished@2.3.0
183 silly idealTree ├── once@1.4.0
183 silly idealTree ├─┬ optimist@0.6.1
183 silly idealTree │ ├── minimist@0.0.10
183 silly idealTree │ └── wordwrap@0.0.3
183 silly idealTree ├── optionator@0.8.3
183 silly idealTree ├── parseurl@1.3.3
183 silly idealTree ├── path-is-absolute@1.0.1
183 silly idealTree ├── path-to-regexp@0.1.7
183 silly idealTree ├── prelude-ls@1.1.2
183 silly idealTree ├── process-nextick-args@1.0.7
183 silly idealTree ├── proxy-addr@2.0.7
183 silly idealTree ├── prr@1.0.1
183 silly idealTree ├── q@1.5.1
183 silly idealTree ├── qs@6.7.0
183 silly idealTree ├── range-parser@1.2.1
183 silly idealTree ├── raw-body@2.4.0
183 silly idealTree ├── readable-stream@2.2.7
183 silly idealTree ├── rechoir@0.6.2
183 silly idealTree ├── regexp-clone@0.0.1
183 silly idealTree ├── require_optional@1.0.1
183 silly idealTree ├── resolve-from@2.0.0
183 silly idealTree ├── resolve@1.1.7
183 silly idealTree ├── safe-buffer@5.1.2
183 silly idealTree ├── safer-buffer@2.1.2
183 silly idealTree ├── semver@5.7.1
183 silly idealTree ├─┬ send@0.17.1
183 silly idealTree │ └── ms@2.1.1
183 silly idealTree ├── serve-static@1.14.1
183 silly idealTree ├── setprototypeof@1.1.1
183 silly idealTree ├── shell-escape@0.2.0
183 silly idealTree ├─┬ shelljs@0.7.8
183 silly idealTree │ └── glob@7.1.7
183 silly idealTree ├── sliced@1.0.1
183 silly idealTree ├── source-map@0.2.0
183 silly idealTree ├── spec-xunit-file@0.0.1-3
183 silly idealTree ├── sprintf-js@1.0.3
183 silly idealTree ├── statuses@1.5.0
183 silly idealTree ├── string_decoder@1.0.3
183 silly idealTree ├── strip-ansi@4.0.0
183 silly idealTree ├── superagent@2.3.0
183 silly idealTree ├── supports-color@3.2.3
183 silly idealTree ├── toidentifier@1.0.0
183 silly idealTree ├── type-check@0.3.2
183 silly idealTree ├── type-detect@1.0.0
183 silly idealTree ├── type-is@1.6.18
183 silly idealTree ├── uglify-js@3.13.10
183 silly idealTree ├── unpipe@1.0.0
183 silly idealTree ├── util-deprecate@1.0.2
183 silly idealTree ├── utils-merge@1.0.1
183 silly idealTree ├── vary@1.1.2
183 silly idealTree ├── which@1.3.1
183 silly idealTree ├── word-wrap@1.2.3
183 silly idealTree ├── wordwrap@1.0.0
183 silly idealTree ├── wrappy@1.0.2
183 silly idealTree └── xml@1.0.1
184 silly generateActionsToTake Starting
185 silly install generateActionsToTake
186 silly generateActionsToTake Finishing
187 silly diffTrees action count 3
188 silly diffTrees add esprima@2.7.3
189 silly diffTrees add istanbul@0.4.5
190 silly diffTrees add jenkins-mocha@3.0.4
191 silly decomposeActions action count 24
192 silly decomposeActions fetch esprima@2.7.3
193 silly decomposeActions extract esprima@2.7.3
194 silly decomposeActions test esprima@2.7.3
195 silly decomposeActions preinstall esprima@2.7.3
196 silly decomposeActions build esprima@2.7.3
197 silly decomposeActions install esprima@2.7.3
198 silly decomposeActions postinstall esprima@2.7.3
199 silly decomposeActions finalize esprima@2.7.3
200 silly decomposeActions fetch istanbul@0.4.5
201 silly decomposeActions extract istanbul@0.4.5
202 silly decomposeActions test istanbul@0.4.5
203 silly decomposeActions preinstall istanbul@0.4.5
204 silly decomposeActions build istanbul@0.4.5
205 silly decomposeActions install istanbul@0.4.5
206 silly decomposeActions postinstall istanbul@0.4.5
207 silly decomposeActions finalize istanbul@0.4.5
208 silly decomposeActions fetch jenkins-mocha@3.0.4
209 silly decomposeActions extract jenkins-mocha@3.0.4
210 silly decomposeActions test jenkins-mocha@3.0.4
211 silly decomposeActions preinstall jenkins-mocha@3.0.4
212 silly decomposeActions build jenkins-mocha@3.0.4
213 silly decomposeActions install jenkins-mocha@3.0.4
214 silly decomposeActions postinstall jenkins-mocha@3.0.4
215 silly decomposeActions finalize jenkins-mocha@3.0.4
216 silly runTopLevelLifecycles Starting
217 silly install runPreinstallTopLevelLifecycles
218 silly preinstall solution-code@1.0.0 /home/vagrant/app/solution-code-eab2f593
219 info lifecycle solution-code@1.0.0~preinstall: solution-code@1.0.0
220 silly lifecycle solution-code@1.0.0~preinstall: no script for preinstall, continuing
221 silly executeActions Starting
222 silly install executeActions
223 silly doSerial global-install 0
224 silly doParallel fetch 3
225 verbose correctMkdir /root/.npm/_locks correctMkdir not in flight; initializing
226 verbose lock using /root/.npm/_locks/staging-c8eeeea46c0464da.lock for /home/vagrant/app/node_modules/.staging
227 silly doParallel extract 3
228 silly extract esprima@2.7.3
229 silly extract istanbul@0.4.5
230 silly extract jenkins-mocha@3.0.4
231 verbose unbuild node_modules/.staging/esprima-e6ee77d0
232 verbose unbuild node_modules/.staging/istanbul-045f0132
233 verbose unbuild node_modules/.staging/jenkins-mocha-a5503451
234 silly gentlyRm /home/vagrant/app/node_modules/.staging/esprima-e6ee77d0 is being purged from base /home/vagrant/app
235 verbose gentlyRm don't care about contents; nuking /home/vagrant/app/node_modules/.staging/esprima-e6ee77d0
236 silly gentlyRm /home/vagrant/app/node_modules/.staging/istanbul-045f0132 is being purged from base /home/vagrant/app
237 verbose gentlyRm don't care about contents; nuking /home/vagrant/app/node_modules/.staging/istanbul-045f0132
238 silly gentlyRm /home/vagrant/app/node_modules/.staging/jenkins-mocha-a5503451 is being purged from base /home/vagrant/app
239 verbose gentlyRm don't care about contents; nuking /home/vagrant/app/node_modules/.staging/jenkins-mocha-a5503451
240 verbose tar unpack /root/.npm/esprima/2.7.3/package.tgz
241 verbose tar unpacking to /home/vagrant/app/node_modules/.staging/esprima-e6ee77d0
242 silly gentlyRm /home/vagrant/app/node_modules/.staging/esprima-e6ee77d0 is being purged
243 verbose gentlyRm don't care about contents; nuking /home/vagrant/app/node_modules/.staging/esprima-e6ee77d0
244 verbose tar unpack /root/.npm/istanbul/0.4.5/package.tgz
245 verbose tar unpacking to /home/vagrant/app/node_modules/.staging/istanbul-045f0132
246 silly gentlyRm /home/vagrant/app/node_modules/.staging/istanbul-045f0132 is being purged
247 verbose gentlyRm don't care about contents; nuking /home/vagrant/app/node_modules/.staging/istanbul-045f0132
248 verbose tar unpack /root/.npm/jenkins-mocha/3.0.4/package.tgz
249 verbose tar unpacking to /home/vagrant/app/node_modules/.staging/jenkins-mocha-a5503451
250 silly gentlyRm /home/vagrant/app/node_modules/.staging/jenkins-mocha-a5503451 is being purged
251 verbose gentlyRm don't care about contents; nuking /home/vagrant/app/node_modules/.staging/jenkins-mocha-a5503451
252 silly gunzTarPerm modes [ '755', '644' ]
253 silly gunzTarPerm modes [ '755', '644' ]
254 silly gunzTarPerm modes [ '755', '644' ]
255 silly gunzTarPerm extractEntry package.json
256 silly gunzTarPerm extractEntry package.json
257 silly gunzTarPerm extractEntry package.json
258 silly gunzTarPerm extractEntry .npmignore
259 silly gunzTarPerm extractEntry README.md
260 silly gunzTarPerm extractEntry README.md
261 silly gunzTarPerm extractEntry esprima.js
262 silly gunzTarPerm extractEntry README.md
263 silly gunzTarPerm extractEntry LICENSE
264 silly gunzTarPerm extractEntry LICENSE
265 silly gunzTarPerm extractEntry ci/coverage.sh
266 silly gunzTarPerm extractEntry ChangeLog
267 silly gunzTarPerm extractEntry index.js
268 silly gunzTarPerm extractEntry CHANGELOG.md
269 silly gunzTarPerm extractEntry ci/publish.sh
270 silly gunzTarPerm extractEntry bin/jenkins.js
271 silly gunzTarPerm extractEntry LICENSE.BSD
272 silly gunzTarPerm extractEntry bin/esparse.js
273 silly gunzTarPerm extractEntry bin/esvalidate.js
274 silly gunzTarPerm extractEntry lib/instrumenter.js
275 silly gunzTarPerm extractEntry lib/collector.js
276 silly gunzTarPerm extractEntry lib/jenkins.js
277 silly gunzTarPerm extractEntry screwdriver.yaml
278 silly gunzTarPerm extractEntry lib/config.js
279 silly gunzTarPerm extractEntry lib/hook.js
280 silly gunzTarPerm extractEntry test/jenkins.test.js
281 silly gunzTarPerm extractEntry lib/cli.js
282 silly gunzTarPerm extractEntry lib/object-utils.js
283 silly gunzTarPerm extractEntry lib/register-plugins.js
284 silly gunzTarPerm extractEntry lib/reporter.js
285 silly gunzTarPerm extractEntry lib/assets/sorter.js
286 silly gunzTarPerm extractEntry lib/assets/base.css
287 silly gunzTarPerm extractEntry lib/assets/sort-arrow-sprite.png
288 silly gunzTarPerm extractEntry lib/assets/vendor/prettify.js
289 silly gunzTarPerm extractEntry lib/assets/vendor/prettify.css
290 silly gunzTarPerm extractEntry lib/report/clover.js
291 silly gunzTarPerm extractEntry lib/report/html.js
292 silly gunzTarPerm extractEntry lib/report/index.js
293 silly gunzTarPerm extractEntry lib/report/json-summary.js
294 silly gunzTarPerm extractEntry lib/report/text-summary.js
295 silly gunzTarPerm extractEntry lib/report/cobertura.js
296 silly gentlyRm /home/vagrant/app/node_modules/.staging/esprima-e6ee77d0/node_modules is being purged
297 verbose gentlyRm don't care about contents; nuking /home/vagrant/app/node_modules/.staging/esprima-e6ee77d0/node_modules
298 silly gunzTarPerm extractEntry lib/report/lcovonly.js
299 silly gunzTarPerm extractEntry lib/report/none.js
300 silly gentlyRm /home/vagrant/app/node_modules/.staging/jenkins-mocha-a5503451/node_modules is being purged
301 verbose gentlyRm don't care about contents; nuking /home/vagrant/app/node_modules/.staging/jenkins-mocha-a5503451/node_modules
302 silly gunzTarPerm extractEntry lib/report/teamcity.js
303 silly gunzTarPerm extractEntry lib/report/text-lcov.js
304 silly gunzTarPerm extractEntry lib/report/json.js
305 silly gunzTarPerm extractEntry lib/report/text.js
306 silly gunzTarPerm extractEntry lib/report/lcov.js
307 silly gunzTarPerm extractEntry lib/report/templates/foot.txt
308 silly gunzTarPerm extractEntry lib/report/templates/head.txt
309 silly gunzTarPerm extractEntry lib/report/common/defaults.js
310 silly gunzTarPerm extractEntry lib/command/check-coverage.js
311 silly gunzTarPerm extractEntry lib/command/cover.js
312 silly gunzTarPerm extractEntry lib/command/help.js
313 silly gunzTarPerm extractEntry lib/command/index.js
314 silly gunzTarPerm extractEntry lib/command/instrument.js
315 silly gunzTarPerm extractEntry lib/command/report.js
316 silly gunzTarPerm extractEntry lib/command/test.js
317 silly gunzTarPerm extractEntry lib/command/common/run-with-cover.js
318 silly gunzTarPerm extractEntry lib/store/fslookup.js
319 silly gunzTarPerm extractEntry lib/store/index.js
320 silly gunzTarPerm extractEntry lib/store/memory.js
321 silly gunzTarPerm extractEntry lib/store/tmp.js
322 silly gunzTarPerm extractEntry lib/util/factory.js
323 silly gunzTarPerm extractEntry lib/util/file-matcher.js
324 silly gunzTarPerm extractEntry lib/util/file-writer.js
325 silly gunzTarPerm extractEntry lib/util/help-formatter.js
326 silly gunzTarPerm extractEntry lib/util/input-error.js
327 silly gunzTarPerm extractEntry lib/util/insertion-text.js
328 silly gunzTarPerm extractEntry lib/util/meta.js
329 silly gunzTarPerm extractEntry lib/util/tree-summarizer.js
330 silly gunzTarPerm extractEntry lib/util/writer.js
331 silly gunzTarPerm extractEntry lib/util/yui-load-hook.js
332 silly gentlyRm /home/vagrant/app/node_modules/.staging/istanbul-045f0132/node_modules is being purged
333 verbose gentlyRm don't care about contents; nuking /home/vagrant/app/node_modules/.staging/istanbul-045f0132/node_modules
334 silly doParallel preinstall 3
335 silly preinstall esprima@2.7.3 /home/vagrant/app/node_modules/.staging/esprima-e6ee77d0
336 info lifecycle esprima@2.7.3~preinstall: esprima@2.7.3
337 silly preinstall istanbul@0.4.5 /home/vagrant/app/node_modules/.staging/istanbul-045f0132
338 info lifecycle istanbul@0.4.5~preinstall: istanbul@0.4.5
339 silly preinstall jenkins-mocha@3.0.4 /home/vagrant/app/node_modules/.staging/jenkins-mocha-a5503451
340 info lifecycle jenkins-mocha@3.0.4~preinstall: jenkins-mocha@3.0.4
341 silly lifecycle esprima@2.7.3~preinstall: no script for preinstall, continuing
342 silly lifecycle istanbul@0.4.5~preinstall: no script for preinstall, continuing
343 silly lifecycle jenkins-mocha@3.0.4~preinstall: no script for preinstall, continuing
344 silly doReverseSerial remove 0
345 silly doSerial move 0
346 silly doSerial finalize 3
347 silly finalize /home/vagrant/app/node_modules/esprima
348 silly finalize /home/vagrant/app/node_modules/istanbul
349 silly finalize /home/vagrant/app/node_modules/jenkins-mocha
350 silly doSerial build 3
351 silly build esprima@2.7.3
352 info linkStuff esprima@2.7.3
353 silly linkStuff esprima@2.7.3 has /home/vagrant/app/node_modules as its parent node_modules
354 verbose linkBins esprima@2.7.3
355 verbose link bins [ { esparse: './bin/esparse.js',
355 verbose link bins     esvalidate: './bin/esvalidate.js' },
355 verbose link bins   '/home/vagrant/app/node_modules/.bin',
355 verbose link bins   false ]
356 verbose linkMans esprima@2.7.3
357 silly gentlyRm /home/vagrant/app/node_modules/.bin/esparse is being purged
358 verbose gentlyRm don't care about contents; nuking /home/vagrant/app/node_modules/.bin/esparse
359 silly gentlyRm /home/vagrant/app/node_modules/.bin/esvalidate is being purged
360 verbose gentlyRm don't care about contents; nuking /home/vagrant/app/node_modules/.bin/esvalidate
361 verbose unlock done using /root/.npm/_locks/staging-c8eeeea46c0464da.lock for /home/vagrant/app/node_modules/.staging
362 silly rollbackFailedOptional Starting
363 silly rollbackFailedOptional Finishing
364 silly runTopLevelLifecycles Finishing
365 silly install printInstalled
366 warn solution-code@1.0.0 No repository field.
367 verbose If you need help, you may report this error at:
367 verbose     <https://github.com/npm/npm/issues>
368 verbose stack Error: EPROTO: protocol error, symlink '../esprima/bin/esparse.js' -> '/home/vagrant/app/node_modules/.bin/esparse'
368 verbose stack     at Error (native)
369 verbose cwd /home/vagrant/app
370 error Linux 4.4.0-210-generic
371 error argv "/usr/bin/node" "/usr/bin/npm" "install" "-y"
372 error node v6.17.1
373 error npm  v3.10.10
374 error path ../esprima/bin/esparse.js
375 error code EPROTO
376 error errno -71
377 error syscall symlink
378 error EPROTO: protocol error, symlink '../esprima/bin/esparse.js' -> '/home/vagrant/app/node_modules/.bin/esparse'
379 error If you need help, you may report this error at:
379 error     <https://github.com/npm/npm/issues>
380 verbose exit [ -71, true ]
